<?xml version="1.0" encoding="UTF-8"?>
<testsuite xmlns:xsi="http://www.w3.org/2001/XMLSchema-instance" xsi:noNamespaceSchemaLocation="https://maven.apache.org/surefire/maven-surefire-plugin/xsd/surefire-test-report.xsd" name="org.java.calculator.CalculatorTest" time="0.071" tests="6" errors="0" skipped="1" failures="0">
  <properties>
[...]
</properties>
  <testcase name="getSubtractTest" classname="org.java.calculator.CalculatorTest" time="0.032"/>
  <testcase name="getDivideIntTest" classname="org.java.calculator.CalculatorTest" time="0"/>
  <testcase name="getAddTest" classname="org.java.calculator.CalculatorTest" time="0"/>
  <testcase name="getDivideTest" classname="org.java.calculator.CalculatorTest" time="0.001"/>
  <testcase name="getMultiplyTest" classname="org.java.calculator.CalculatorTest" time="0.001"/>
  <testcase name="getDivideExceptionTest" classname="org.java.calculator.CalculatorTest" time="0">
    <skipped message="Assumption failed: assumption is not true" type="org.opentest4j.TestAbortedException">org.opentest4j.TestAbortedException: Assumption failed: assumption is not true
	at org.java.calculator.CalculatorTest.getDivideExceptionTest(CalculatorTest.java:89)
</skipped>
  </testcase>
</testsuite>